\BOOKMARK [0][-]{chapter.1}{\376\377\000I\000n\000t\000r\000o\000d\000u\000c\000t\000i\000o\000n}{}% 1
\BOOKMARK [1][-]{section.1.1}{\376\377\000R\000e\000n\000a\000l\000\040\000C\000e\000l\000l\000\040\000C\000a\000r\000c\000i\000n\000o\000m\000a\000:\000\040\000C\000l\000i\000n\000i\000c\000a\000l\000\040\000S\000i\000g\000n\000i\000f\000i\000c\000a\000n\000c\000e}{chapter.1}% 2
\BOOKMARK [1][-]{section.1.2}{\376\377\000T\000h\000e\000\040\000T\000u\000m\000o\000r\000\040\000M\000i\000c\000r\000o\000e\000n\000v\000i\000r\000o\000n\000m\000e\000n\000t}{chapter.1}% 3
\BOOKMARK [1][-]{section.1.3}{\376\377\000S\000e\000x\000\040\000D\000i\000f\000f\000e\000r\000e\000n\000c\000e\000s\000\040\000i\000n\000\040\000R\000C\000C}{chapter.1}% 4
\BOOKMARK [1][-]{section.1.4}{\376\377\000M\000o\000t\000i\000v\000a\000t\000i\000o\000n\000\040\000f\000o\000r\000\040\000C\000o\000m\000p\000u\000t\000a\000t\000i\000o\000n\000a\000l\000\040\000M\000o\000d\000e\000l\000i\000n\000g}{chapter.1}% 5
\BOOKMARK [1][-]{section.1.5}{\376\377\000A\000g\000e\000n\000t\000-\000B\000a\000s\000e\000d\000\040\000M\000o\000d\000e\000l\000i\000n\000g\000\040\000A\000p\000p\000r\000o\000a\000c\000h}{chapter.1}% 6
\BOOKMARK [1][-]{section.1.6}{\376\377\000P\000r\000o\000j\000e\000c\000t\000\040\000O\000b\000j\000e\000c\000t\000i\000v\000e\000s}{chapter.1}% 7
\BOOKMARK [1][-]{section.1.7}{\376\377\000R\000e\000p\000o\000r\000t\000\040\000S\000t\000r\000u\000c\000t\000u\000r\000e}{chapter.1}% 8
\BOOKMARK [0][-]{chapter.2}{\376\377\000T\000h\000e\000o\000r\000e\000t\000i\000c\000a\000l\000\040\000B\000a\000c\000k\000g\000r\000o\000u\000n\000d}{}% 9
\BOOKMARK [1][-]{section.2.1}{\376\377\000A\000g\000e\000n\000t\000-\000B\000a\000s\000e\000d\000\040\000M\000o\000d\000e\000l\000i\000n\000g}{chapter.2}% 10
\BOOKMARK [2][-]{subsection.2.1.1}{\376\377\000F\000o\000r\000m\000a\000l\000i\000s\000m\000\040\000a\000n\000d\000\040\000C\000o\000r\000e\000\040\000C\000o\000n\000c\000e\000p\000t\000s}{section.2.1}% 11
\BOOKMARK [2][-]{subsection.2.1.2}{\376\377\000A\000d\000v\000a\000n\000t\000a\000g\000e\000s\000\040\000f\000o\000r\000\040\000B\000i\000o\000l\000o\000g\000i\000c\000a\000l\000\040\000S\000y\000s\000t\000e\000m\000s}{section.2.1}% 12
\BOOKMARK [2][-]{subsection.2.1.3}{\376\377\000T\000h\000e\000\040\000R\000e\000p\000a\000s\000t\0004\000P\000y\000\040\000F\000r\000a\000m\000e\000w\000o\000r\000k}{section.2.1}% 13
\BOOKMARK [1][-]{section.2.2}{\376\377\000I\000m\000m\000u\000n\000o\000l\000o\000g\000y\000\040\000o\000f\000\040\000R\000e\000n\000a\000l\000\040\000C\000e\000l\000l\000\040\000C\000a\000r\000c\000i\000n\000o\000m\000a}{chapter.2}% 14
\BOOKMARK [2][-]{subsection.2.2.1}{\376\377\000I\000n\000n\000a\000t\000e\000\040\000a\000n\000d\000\040\000A\000d\000a\000p\000t\000i\000v\000e\000\040\000I\000m\000m\000u\000n\000i\000t\000y}{section.2.2}% 15
\BOOKMARK [2][-]{subsection.2.2.2}{\376\377\000T\000\040\000C\000e\000l\000l\000\040\000S\000u\000b\000t\000y\000p\000e\000s}{section.2.2}% 16
\BOOKMARK [2][-]{subsection.2.2.3}{\376\377\000A\000n\000t\000i\000g\000e\000n\000-\000P\000r\000e\000s\000e\000n\000t\000i\000n\000g\000\040\000C\000e\000l\000l\000s}{section.2.2}% 17
\BOOKMARK [2][-]{subsection.2.2.4}{\376\377\000M\000a\000c\000r\000o\000p\000h\000a\000g\000e\000s}{section.2.2}% 18
\BOOKMARK [2][-]{subsection.2.2.5}{\376\377\000N\000a\000t\000u\000r\000a\000l\000\040\000K\000i\000l\000l\000e\000r\000\040\000C\000e\000l\000l\000s}{section.2.2}% 19
\BOOKMARK [2][-]{subsection.2.2.6}{\376\377\000M\000a\000s\000t\000\040\000C\000e\000l\000l\000s\000\040\000a\000n\000d\000\040\000N\000e\000u\000t\000r\000o\000p\000h\000i\000l\000s}{section.2.2}% 20
\BOOKMARK [2][-]{subsection.2.2.7}{\376\377\000I\000m\000m\000u\000n\000e\000\040\000C\000h\000e\000c\000k\000p\000o\000i\000n\000t\000s\000:\000\040\000T\000h\000e\000\040\000P\000D\000-\0001\000/\000P\000D\000-\000L\0001\000\040\000P\000a\000t\000h\000w\000a\000y}{section.2.2}% 21
\BOOKMARK [2][-]{subsection.2.2.8}{\376\377\000T\000u\000m\000o\000r\000\040\000I\000m\000m\000u\000n\000e\000\040\000E\000v\000a\000s\000i\000o\000n\000\040\000M\000e\000c\000h\000a\000n\000i\000s\000m\000s}{section.2.2}% 22
\BOOKMARK [1][-]{section.2.3}{\376\377\000T\000u\000m\000o\000r\000\040\000M\000e\000t\000a\000b\000o\000l\000i\000s\000m}{chapter.2}% 23
\BOOKMARK [2][-]{subsection.2.3.1}{\376\377\000T\000h\000e\000\040\000W\000a\000r\000b\000u\000r\000g\000\040\000E\000f\000f\000e\000c\000t}{section.2.3}% 24
\BOOKMARK [2][-]{subsection.2.3.2}{\376\377\000M\000e\000t\000a\000b\000o\000l\000i\000c\000\040\000C\000o\000m\000p\000e\000t\000i\000t\000i\000o\000n\000\040\000i\000n\000\040\000t\000h\000e\000\040\000T\000M\000E}{section.2.3}% 25
\BOOKMARK [2][-]{subsection.2.3.3}{\376\377\000G\000l\000u\000c\000o\000s\000e\000\040\000a\000s\000\040\000a\000\040\000L\000i\000m\000i\000t\000i\000n\000g\000\040\000F\000a\000c\000t\000o\000r\000\040\000f\000o\000r\000\040\000I\000m\000m\000u\000n\000e\000\040\000F\000u\000n\000c\000t\000i\000o\000n}{section.2.3}% 26
\BOOKMARK [1][-]{section.2.4}{\376\377\000T\000r\000e\000a\000t\000m\000e\000n\000t\000\040\000M\000o\000d\000a\000l\000i\000t\000i\000e\000s}{chapter.2}% 27
\BOOKMARK [2][-]{subsection.2.4.1}{\376\377\000I\000m\000m\000u\000n\000e\000\040\000C\000h\000e\000c\000k\000p\000o\000i\000n\000t\000\040\000I\000n\000h\000i\000b\000i\000t\000o\000r\000s\000\040\000\050\000I\000C\000I\000\051}{section.2.4}% 28
\BOOKMARK [2][-]{subsection.2.4.2}{\376\377\000T\000y\000r\000o\000s\000i\000n\000e\000\040\000K\000i\000n\000a\000s\000e\000\040\000I\000n\000h\000i\000b\000i\000t\000o\000r\000s\000\040\000\050\000T\000K\000I\000\051}{section.2.4}% 29
\BOOKMARK [2][-]{subsection.2.4.3}{\376\377\000C\000o\000m\000b\000i\000n\000a\000t\000i\000o\000n\000\040\000I\000C\000I\000+\000T\000K\000I\000\040\000T\000h\000e\000r\000a\000p\000y}{section.2.4}% 30
\BOOKMARK [0][-]{chapter.3}{\376\377\000M\000o\000d\000e\000l\000\040\000D\000e\000s\000c\000r\000i\000p\000t\000i\000o\000n}{}% 31
\BOOKMARK [1][-]{section.3.1}{\376\377\000O\000v\000e\000r\000v\000i\000e\000w}{chapter.3}% 32
\BOOKMARK [2][-]{subsection.3.1.1}{\376\377\000S\000p\000a\000t\000i\000a\000l\000\040\000E\000n\000v\000i\000r\000o\000n\000m\000e\000n\000t}{section.3.1}% 33
\BOOKMARK [2][-]{subsection.3.1.2}{\376\377\000A\000g\000e\000n\000t\000\040\000T\000y\000p\000e\000s}{section.3.1}% 34
\BOOKMARK [2][-]{subsection.3.1.3}{\376\377\000T\000i\000m\000e\000\040\000S\000t\000e\000p\000\040\000S\000t\000r\000u\000c\000t\000u\000r\000e}{section.3.1}% 35
\BOOKMARK [1][-]{section.3.2}{\376\377\000A\000g\000e\000n\000t\000\040\000H\000i\000e\000r\000a\000r\000c\000h\000y}{chapter.3}% 36
\BOOKMARK [2][-]{subsection.3.2.1}{\376\377\000B\000a\000s\000e\000\040\000C\000e\000l\000l\000\040\000C\000l\000a\000s\000s}{section.3.2}% 37
\BOOKMARK [2][-]{subsection.3.2.2}{\376\377\000T\000C\000e\000l\000l\000\040\000B\000a\000s\000e\000\040\000C\000l\000a\000s\000s}{section.3.2}% 38
\BOOKMARK [2][-]{subsection.3.2.3}{\376\377\000C\000o\000n\000c\000r\000e\000t\000e\000\040\000A\000g\000e\000n\000t\000\040\000C\000l\000a\000s\000s\000e\000s}{section.3.2}% 39
\BOOKMARK [1][-]{section.3.3}{\376\377\000E\000f\000f\000e\000c\000t\000\040\000S\000y\000s\000t\000e\000m}{chapter.3}% 40
\BOOKMARK [2][-]{subsection.3.3.1}{\376\377\000E\000f\000f\000e\000c\000t\000\040\000F\000i\000e\000l\000d\000s}{section.3.3}% 41
\BOOKMARK [2][-]{subsection.3.3.2}{\376\377\000B\000M\000I\000\040\000N\000o\000r\000m\000a\000l\000i\000z\000a\000t\000i\000o\000n}{section.3.3}% 42
\BOOKMARK [2][-]{subsection.3.3.3}{\376\377\000E\000f\000f\000e\000c\000t\000\040\000C\000o\000l\000l\000e\000c\000t\000i\000o\000n\000\040\000a\000n\000d\000\040\000A\000g\000g\000r\000e\000g\000a\000t\000i\000o\000n}{section.3.3}% 43
\BOOKMARK [1][-]{section.3.4}{\376\377\000A\000g\000e\000n\000t\000\040\000I\000n\000t\000e\000r\000a\000c\000t\000i\000o\000n\000s}{chapter.3}% 44
\BOOKMARK [1][-]{section.3.5}{\376\377\000M\000o\000v\000e\000m\000e\000n\000t}{chapter.3}% 45
\BOOKMARK [2][-]{subsection.3.5.1}{\376\377\000D\000e\000f\000e\000r\000r\000e\000d\000\040\000M\000o\000v\000e\000m\000e\000n\000t\000\040\000P\000a\000t\000t\000e\000r\000n}{section.3.5}% 46
\BOOKMARK [2][-]{subsection.3.5.2}{\376\377\000D\000i\000r\000e\000c\000t\000e\000d\000\040\000M\000o\000v\000e\000m\000e\000n\000t\000:\000\040\000m\000o\000v\000e\000\137\000t\000o\000w\000a\000r\000d\000s\000\050\000\051}{section.3.5}% 47
\BOOKMARK [2][-]{subsection.3.5.3}{\376\377\000G\000l\000u\000c\000o\000s\000e\000\040\000C\000h\000e\000m\000o\000t\000a\000x\000i\000s}{section.3.5}% 48
\BOOKMARK [2][-]{subsection.3.5.4}{\376\377\000S\000e\000x\000\040\000H\000o\000r\000m\000o\000n\000e\000\040\000D\000i\000f\000f\000u\000s\000i\000o\000n}{section.3.5}% 49
\BOOKMARK [1][-]{section.3.6}{\376\377\000T\000e\000r\000m\000i\000n\000a\000l\000\040\000C\000o\000n\000d\000i\000t\000i\000o\000n\000s}{chapter.3}% 50
\BOOKMARK [1][-]{section.3.7}{\376\377\000I\000m\000m\000u\000n\000e\000\040\000R\000e\000s\000p\000o\000n\000s\000e\000\040\000C\000a\000s\000c\000a\000d\000e\000\040\000O\000v\000e\000r\000v\000i\000e\000w}{chapter.3}% 51
\BOOKMARK [0][-]{chapter.4}{\376\377\000G\000l\000u\000c\000o\000s\000e\000\040\000M\000i\000c\000r\000o\000e\000n\000v\000i\000r\000o\000n\000m\000e\000n\000t\000\040\000S\000y\000s\000t\000e\000m}{}% 52
\BOOKMARK [1][-]{section.4.1}{\376\377\000B\000i\000o\000l\000o\000g\000i\000c\000a\000l\000\040\000M\000o\000t\000i\000v\000a\000t\000i\000o\000n}{chapter.4}% 53
\BOOKMARK [1][-]{section.4.2}{\376\377\000M\000a\000t\000h\000e\000m\000a\000t\000i\000c\000a\000l\000\040\000F\000o\000r\000m\000u\000l\000a\000t\000i\000o\000n}{chapter.4}% 54
\BOOKMARK [2][-]{subsection.4.2.1}{\376\377\000D\000i\000s\000c\000r\000e\000t\000e\000\040\0003\000D\000\040\000L\000a\000p\000l\000a\000c\000i\000a\000n}{section.4.2}% 55
\BOOKMARK [2][-]{subsection.4.2.2}{\376\377\000T\000i\000m\000e\000\040\000I\000n\000t\000e\000g\000r\000a\000t\000i\000o\000n}{section.4.2}% 56
\BOOKMARK [2][-]{subsection.4.2.3}{\376\377\000S\000t\000a\000b\000i\000l\000i\000t\000y\000\040\000A\000n\000a\000l\000y\000s\000i\000s}{section.4.2}% 57
\BOOKMARK [2][-]{subsection.4.2.4}{\376\377\000B\000o\000u\000n\000d\000a\000r\000y\000\040\000C\000o\000n\000d\000i\000t\000i\000o\000n\000s}{section.4.2}% 58
\BOOKMARK [1][-]{section.4.3}{\376\377\000S\000o\000u\000r\000c\000e\000\040\000M\000o\000d\000e\000l}{chapter.4}% 59
\BOOKMARK [1][-]{section.4.4}{\376\377\000C\000o\000n\000s\000u\000m\000p\000t\000i\000o\000n\000\040\000M\000o\000d\000e\000l}{chapter.4}% 60
\BOOKMARK [2][-]{subsection.4.4.1}{\376\377\000T\000u\000m\000o\000r\000\040\000C\000e\000l\000l\000\040\000C\000o\000n\000s\000u\000m\000p\000t\000i\000o\000n}{section.4.4}% 61
\BOOKMARK [2][-]{subsection.4.4.2}{\376\377\000I\000m\000m\000u\000n\000e\000\040\000C\000e\000l\000l\000\040\000C\000o\000n\000s\000u\000m\000p\000t\000i\000o\000n}{section.4.4}% 62
\BOOKMARK [2][-]{subsection.4.4.3}{\376\377\000G\000l\000u\000c\000o\000s\000e\000-\000D\000e\000p\000e\000n\000d\000e\000n\000t\000\040\000G\000r\000o\000w\000t\000h\000\040\000F\000a\000c\000t\000o\000r}{section.4.4}% 63
\BOOKMARK [2][-]{subsection.4.4.4}{\376\377\000G\000l\000u\000c\000o\000s\000e\000-\000D\000e\000p\000e\000n\000d\000e\000n\000t\000\040\000I\000m\000m\000u\000n\000e\000\040\000F\000u\000n\000c\000t\000i\000o\000n}{section.4.4}% 64
\BOOKMARK [1][-]{section.4.5}{\376\377\000G\000r\000a\000d\000i\000e\000n\000t\000\040\000a\000n\000d\000\040\000C\000h\000e\000m\000o\000t\000a\000x\000i\000s}{chapter.4}% 65
\BOOKMARK [2][-]{subsection.4.5.1}{\376\377\000G\000r\000a\000d\000i\000e\000n\000t\000\040\000C\000o\000m\000p\000u\000t\000a\000t\000i\000o\000n}{section.4.5}% 66
\BOOKMARK [2][-]{subsection.4.5.2}{\376\377\000D\000i\000s\000c\000r\000e\000t\000i\000z\000e\000d\000\040\000G\000r\000a\000d\000i\000e\000n\000t\000\040\000S\000t\000e\000p}{section.4.5}% 67
\BOOKMARK [2][-]{subsection.4.5.3}{\376\377\000C\000h\000e\000m\000o\000t\000a\000x\000i\000s\000\040\000B\000e\000h\000a\000v\000i\000o\000r}{section.4.5}% 68
\BOOKMARK [1][-]{section.4.6}{\376\377\000I\000m\000p\000l\000e\000m\000e\000n\000t\000a\000t\000i\000o\000n}{chapter.4}% 69
\BOOKMARK [2][-]{subsection.4.6.1}{\376\377\000D\000a\000t\000a\000\040\000S\000t\000r\000u\000c\000t\000u\000r\000e}{section.4.6}% 70
\BOOKMARK [2][-]{subsection.4.6.2}{\376\377\000C\000o\000n\000v\000o\000l\000u\000t\000i\000o\000n\000\040\000K\000e\000r\000n\000e\000l}{section.4.6}% 71
\BOOKMARK [2][-]{subsection.4.6.3}{\376\377\000S\000t\000e\000p\000\040\000F\000u\000n\000c\000t\000i\000o\000n}{section.4.6}% 72
\BOOKMARK [2][-]{subsection.4.6.4}{\376\377\000S\000t\000a\000t\000i\000s\000t\000i\000c\000s\000\040\000M\000e\000t\000h\000o\000d\000s}{section.4.6}% 73
\BOOKMARK [0][-]{chapter.5}{\376\377\000D\000N\000A\000\040\000a\000n\000d\000\040\000M\000u\000t\000a\000t\000i\000o\000n\000\040\000S\000y\000s\000t\000e\000m}{}% 74
\BOOKMARK [1][-]{section.5.1}{\376\377\000G\000e\000n\000e\000\040\000M\000o\000d\000e\000l}{chapter.5}% 75
\BOOKMARK [2][-]{subsection.5.1.1}{\376\377\000G\000e\000n\000e\000\040\000C\000a\000t\000a\000l\000o\000g\000u\000e}{section.5.1}% 76
\BOOKMARK [2][-]{subsection.5.1.2}{\376\377\000D\000N\000A\000\040\000S\000e\000q\000u\000e\000n\000c\000e\000\040\000S\000t\000r\000u\000c\000t\000u\000r\000e}{section.5.1}% 77
\BOOKMARK [1][-]{section.5.2}{\376\377\000C\000o\000d\000o\000n\000\040\000T\000r\000a\000n\000s\000l\000a\000t\000i\000o\000n}{chapter.5}% 78
\BOOKMARK [1][-]{section.5.3}{\376\377\000M\000u\000t\000a\000t\000i\000o\000n\000\040\000M\000e\000c\000h\000a\000n\000i\000c\000s}{chapter.5}% 79
\BOOKMARK [1][-]{section.5.4}{\376\377\000G\000e\000n\000e\000\040\000E\000x\000p\000r\000e\000s\000s\000i\000o\000n\000\040\000a\000n\000d\000\040\000P\000h\000e\000n\000o\000t\000y\000p\000i\000c\000\040\000E\000f\000f\000e\000c\000t\000s}{chapter.5}% 80
\BOOKMARK [2][-]{subsection.5.4.1}{\376\377\000P\000r\000o\000m\000o\000t\000e\000r\000\040\000E\000x\000p\000r\000e\000s\000s\000i\000o\000n}{section.5.4}% 81
\BOOKMARK [2][-]{subsection.5.4.2}{\376\377\000M\000u\000t\000a\000t\000i\000o\000n\000\040\000S\000c\000o\000r\000e}{section.5.4}% 82
\BOOKMARK [2][-]{subsection.5.4.3}{\376\377\000G\000e\000n\000e\000\040\000M\000u\000t\000a\000t\000i\000o\000n\040\023\000E\000x\000p\000r\000e\000s\000s\000i\000o\000n\000\040\000P\000r\000o\000d\000u\000c\000t}{section.5.4}% 83
\BOOKMARK [2][-]{subsection.5.4.4}{\376\377\000F\000i\000v\000e\000\040\000D\000e\000r\000i\000v\000e\000d\000\040\000P\000h\000e\000n\000o\000t\000y\000p\000i\000c\000\040\000P\000a\000r\000a\000m\000e\000t\000e\000r\000s}{section.5.4}% 84
\BOOKMARK [1][-]{section.5.5}{\376\377\000N\000e\000o\000a\000n\000t\000i\000g\000e\000n\000\040\000G\000e\000n\000e\000r\000a\000t\000i\000o\000n}{chapter.5}% 85
\BOOKMARK [2][-]{subsection.5.5.1}{\376\377\000N\000e\000o\000a\000n\000t\000i\000g\000e\000n\000\040\000D\000e\000f\000i\000n\000i\000t\000i\000o\000n}{section.5.5}% 86
\BOOKMARK [2][-]{subsection.5.5.2}{\376\377\000S\000e\000l\000f\000-\000A\000n\000t\000i\000g\000e\000n\000s}{section.5.5}% 87
\BOOKMARK [2][-]{subsection.5.5.3}{\376\377\000T\000C\000R\000\040\000M\000a\000t\000c\000h\000i\000n\000g}{section.5.5}% 88
\BOOKMARK [0][-]{chapter.6}{\376\377\000T\000r\000e\000a\000t\000m\000e\000n\000t\000\040\000S\000y\000s\000t\000e\000m}{}% 89
\BOOKMARK [1][-]{section.6.1}{\376\377\000D\000r\000u\000g\000\040\000A\000r\000c\000h\000i\000t\000e\000c\000t\000u\000r\000e}{chapter.6}% 90
\BOOKMARK [2][-]{subsection.6.1.1}{\376\377\000A\000b\000s\000t\000r\000a\000c\000t\000\040\000D\000r\000u\000g\000\040\000B\000a\000s\000e\000\040\000C\000l\000a\000s\000s}{section.6.1}% 91
\BOOKMARK [2][-]{subsection.6.1.2}{\376\377\000T\000r\000e\000a\000t\000m\000e\000n\000t\000\040\000C\000o\000m\000p\000o\000s\000i\000t\000i\000o\000n}{section.6.1}% 92
\BOOKMARK [2][-]{subsection.6.1.3}{\376\377\000T\000r\000e\000a\000t\000m\000e\000n\000t\000\040\000A\000c\000t\000i\000v\000a\000t\000i\000o\000n}{section.6.1}% 93
\BOOKMARK [1][-]{section.6.2}{\376\377\000I\000m\000m\000u\000n\000e\000\040\000C\000h\000e\000c\000k\000p\000o\000i\000n\000t\000\040\000I\000n\000h\000i\000b\000i\000t\000o\000r\000s\000\040\000\050\000I\000C\000I\000\051}{chapter.6}% 94
\BOOKMARK [2][-]{subsection.6.2.1}{\376\377\000B\000i\000o\000l\000o\000g\000i\000c\000a\000l\000\040\000B\000a\000s\000i\000s}{section.6.2}% 95
\BOOKMARK [2][-]{subsection.6.2.2}{\376\377\000I\000m\000p\000l\000e\000m\000e\000n\000t\000a\000t\000i\000o\000n}{section.6.2}% 96
\BOOKMARK [1][-]{section.6.3}{\376\377\000T\000y\000r\000o\000s\000i\000n\000e\000\040\000K\000i\000n\000a\000s\000e\000\040\000I\000n\000h\000i\000b\000i\000t\000o\000r\000s\000\040\000\050\000T\000K\000I\000\051}{chapter.6}% 97
\BOOKMARK [2][-]{subsection.6.3.1}{\376\377\000B\000i\000o\000l\000o\000g\000i\000c\000a\000l\000\040\000B\000a\000s\000i\000s}{section.6.3}% 98
\BOOKMARK [2][-]{subsection.6.3.2}{\376\377\000I\000m\000p\000l\000e\000m\000e\000n\000t\000a\000t\000i\000o\000n}{section.6.3}% 99
\BOOKMARK [1][-]{section.6.4}{\376\377\000C\000o\000m\000b\000i\000n\000a\000t\000i\000o\000n\000\040\000T\000h\000e\000r\000a\000p\000y}{chapter.6}% 100
\BOOKMARK [2][-]{subsection.6.4.1}{\376\377\000I\000C\000I\000\040\000+\000\040\000T\000K\000I}{section.6.4}% 101
\BOOKMARK [2][-]{subsection.6.4.2}{\376\377\000S\000y\000n\000e\000r\000g\000i\000s\000t\000i\000c\000\040\000M\000e\000c\000h\000a\000n\000i\000s\000m\000s}{section.6.4}% 102
\BOOKMARK [2][-]{subsection.6.4.3}{\376\377\000C\000l\000i\000n\000i\000c\000a\000l\000\040\000E\000v\000i\000d\000e\000n\000c\000e}{section.6.4}% 103
\BOOKMARK [0][-]{chapter.7}{\376\377\000S\000e\000x\000\040\000H\000o\000r\000m\000o\000n\000e\000\040\000S\000y\000s\000t\000e\000m}{}% 104
\BOOKMARK [1][-]{section.7.1}{\376\377\000B\000i\000o\000l\000o\000g\000i\000c\000a\000l\000\040\000B\000a\000s\000i\000s}{chapter.7}% 105
\BOOKMARK [2][-]{subsection.7.1.1}{\376\377\000S\000e\000x\000\040\000D\000i\000f\000f\000e\000r\000e\000n\000c\000e\000s\000\040\000i\000n\000\040\000R\000e\000n\000a\000l\000\040\000C\000e\000l\000l\000\040\000C\000a\000r\000c\000i\000n\000o\000m\000a}{section.7.1}% 106
\BOOKMARK [2][-]{subsection.7.1.2}{\376\377\000E\000s\000t\000r\000o\000g\000e\000n}{section.7.1}% 107
\BOOKMARK [2][-]{subsection.7.1.3}{\376\377\000T\000e\000s\000t\000o\000s\000t\000e\000r\000o\000n\000e}{section.7.1}% 108
\BOOKMARK [2][-]{subsection.7.1.4}{\376\377\000P\000r\000o\000g\000e\000s\000t\000e\000r\000o\000n\000e}{section.7.1}% 109
\BOOKMARK [1][-]{section.7.2}{\376\377\000H\000o\000r\000m\000o\000n\000e\000\040\000A\000g\000e\000n\000t\000\040\000M\000o\000d\000e\000l}{chapter.7}% 110
\BOOKMARK [2][-]{subsection.7.2.1}{\376\377\000A\000g\000e\000n\000t\000\040\000T\000y\000p\000e\000\040\000a\000n\000d\000\040\000I\000n\000h\000e\000r\000i\000t\000a\000n\000c\000e}{section.7.2}% 111
\BOOKMARK [2][-]{subsection.7.2.2}{\376\377\000H\000o\000r\000m\000o\000n\000e\000\040\000T\000y\000p\000e\000s}{section.7.2}% 112
\BOOKMARK [2][-]{subsection.7.2.3}{\376\377\000S\000p\000a\000w\000n\000i\000n\000g\000\040\000M\000e\000c\000h\000a\000n\000i\000s\000m}{section.7.2}% 113
\BOOKMARK [2][-]{subsection.7.2.4}{\376\377\000H\000o\000r\000m\000o\000n\000e\000\040\000D\000i\000f\000f\000u\000s\000i\000o\000n}{section.7.2}% 114
\BOOKMARK [1][-]{section.7.3}{\376\377\000H\000o\000r\000m\000o\000n\000e\000\040\000E\000f\000f\000e\000c\000t\000s\000\040\000o\000n\000\040\000T\000\040\000C\000e\000l\000l\000s}{chapter.7}% 115
\BOOKMARK [2][-]{subsection.7.3.1}{\376\377\000H\000o\000r\000m\000o\000n\000e\000\040\000P\000e\000r\000c\000e\000p\000t\000i\000o\000n}{section.7.3}% 116
\BOOKMARK [2][-]{subsection.7.3.2}{\376\377\000S\000t\000i\000m\000u\000l\000a\000t\000i\000o\000n\000\040\000L\000e\000v\000e\000l}{section.7.3}% 117
\BOOKMARK [2][-]{subsection.7.3.3}{\376\377\000H\000o\000r\000m\000o\000n\000a\000l\000\040\000I\000n\000f\000l\000u\000e\000n\000c\000e\000\040\000E\000f\000f\000e\000c\000t\000s}{section.7.3}% 118
\BOOKMARK [2][-]{subsection.7.3.4}{\376\377\000C\000o\000n\000c\000e\000n\000t\000r\000a\000t\000i\000o\000n\000-\000D\000e\000p\000e\000n\000d\000e\000n\000t\000\040\000E\000f\000f\000e\000c\000t\000\040\000M\000a\000p\000p\000i\000n\000g}{section.7.3}% 119
\BOOKMARK [1][-]{section.7.4}{\376\377\000S\000e\000x\000\040\000D\000r\000i\000f\000t}{chapter.7}% 120
\BOOKMARK [2][-]{subsection.7.4.1}{\376\377\000B\000i\000o\000l\000o\000g\000i\000c\000a\000l\000\040\000B\000a\000s\000i\000s}{section.7.4}% 121
\BOOKMARK [2][-]{subsection.7.4.2}{\376\377\000I\000m\000p\000l\000e\000m\000e\000n\000t\000a\000t\000i\000o\000n}{section.7.4}% 122
\BOOKMARK [2][-]{subsection.7.4.3}{\376\377\000I\000n\000t\000e\000r\000a\000c\000t\000i\000o\000n\000\040\000w\000i\000t\000h\000\040\000H\000o\000r\000m\000o\000n\000a\000l\000\040\000E\000f\000f\000e\000c\000t\000s}{section.7.4}% 123
\BOOKMARK [0][-]{chapter.8}{\376\377\000I\000m\000p\000l\000e\000m\000e\000n\000t\000a\000t\000i\000o\000n}{}% 124
\BOOKMARK [1][-]{section.8.1}{\376\377\000F\000r\000a\000m\000e\000w\000o\000r\000k\000\040\000M\000i\000g\000r\000a\000t\000i\000o\000n\000:\000\040\000M\000e\000s\000a\000\040\000t\000o\000\040\000R\000e\000p\000a\000s\000t\0004\000P\000y}{chapter.8}% 125
\BOOKMARK [1][-]{section.8.2}{\376\377\000S\000i\000m\000u\000l\000a\000t\000i\000o\000n\000\040\000O\000r\000c\000h\000e\000s\000t\000r\000a\000t\000i\000o\000n\000:\000\040\000T\000h\000e\000\040\000M\000a\000i\000n\000\040\000E\000v\000e\000n\000t\000\040\000L\000o\000o\000p}{chapter.8}% 126
\BOOKMARK [1][-]{section.8.3}{\376\377\000S\000p\000a\000t\000i\000a\000l\000\040\000I\000n\000d\000e\000x\000\040\000D\000e\000s\000i\000g\000n}{chapter.8}% 127
\BOOKMARK [1][-]{section.8.4}{\376\377\000A\000g\000e\000n\000t\000\040\000S\000e\000r\000i\000a\000l\000i\000z\000a\000t\000i\000o\000n}{chapter.8}% 128
\BOOKMARK [1][-]{section.8.5}{\376\377\000M\000e\000s\000a\000\040\000t\000o\000\040\000R\000e\000p\000a\000s\000t\0004\000P\000y\000\040\000P\000o\000r\000t\000i\000n\000g}{chapter.8}% 129
\BOOKMARK [1][-]{section.8.6}{\376\377\000G\000l\000u\000c\000o\000s\000e\000\040\000F\000i\000e\000l\000d\000\040\000I\000m\000p\000l\000e\000m\000e\000n\000t\000a\000t\000i\000o\000n}{chapter.8}% 130
\BOOKMARK [1][-]{section.8.7}{\376\377\000E\000n\000t\000r\000y\000\040\000P\000o\000i\000n\000t\000\040\000a\000n\000d\000\040\000E\000x\000e\000c\000u\000t\000i\000o\000n}{chapter.8}% 131
\BOOKMARK [0][-]{chapter.9}{\376\377\000P\000a\000r\000a\000m\000e\000t\000e\000r\000s\000\040\000a\000n\000d\000\040\000O\000p\000t\000i\000m\000i\000z\000a\000t\000i\000o\000n}{}% 132
\BOOKMARK [1][-]{section.9.1}{\376\377\000P\000a\000r\000a\000m\000e\000t\000e\000r\000\040\000C\000a\000t\000e\000g\000o\000r\000i\000e\000s}{chapter.9}% 133
\BOOKMARK [1][-]{section.9.2}{\376\377\000W\000e\000i\000g\000h\000t\000\040\000P\000a\000r\000a\000m\000e\000t\000e\000r\000s}{chapter.9}% 134
\BOOKMARK [2][-]{subsection.9.2.1}{\376\377\000M\000a\000c\000r\000o\000p\000h\000a\000g\000e\000\040\000M\0001\000\040\000W\000e\000i\000g\000h\000t\000s\000\040\000\050\0006\000\040\000w\000e\000i\000g\000h\000t\000s\000\040\000+\000\040\0002\000\040\000b\000i\000a\000s\000e\000s\000\051}{section.9.2}% 135
\BOOKMARK [2][-]{subsection.9.2.2}{\376\377\000M\000a\000c\000r\000o\000p\000h\000a\000g\000e\000\040\000M\0002\000\040\000W\000e\000i\000g\000h\000t\000s\000\040\000\050\0005\000\040\000w\000e\000i\000g\000h\000t\000s\000\040\000+\000\040\0001\000\040\000b\000i\000a\000s\000\051}{section.9.2}% 136
\BOOKMARK [2][-]{subsection.9.2.3}{\376\377\000T\000u\000m\000o\000r\000\040\000C\000e\000l\000l\000\040\000W\000e\000i\000g\000h\000t\000s\000\040\000\050\0008\000\040\000w\000e\000i\000g\000h\000t\000s\000\040\000+\000\040\0003\000\040\000b\000i\000a\000s\000e\000s\000\051}{section.9.2}% 137
\BOOKMARK [2][-]{subsection.9.2.4}{\376\377\000C\000D\0004\000+\000\040\000T\000\040\000C\000e\000l\000l\000\040\000W\000e\000i\000g\000h\000t\000s\000\040\000\050\0009\000\040\000w\000e\000i\000g\000h\000t\000s\000\040\000+\000\040\0003\000\040\000b\000i\000a\000s\000e\000s\000\051}{section.9.2}% 138
\BOOKMARK [2][-]{subsection.9.2.5}{\376\377\000C\000y\000t\000o\000t\000o\000x\000i\000c\000\040\000T\000\040\000C\000e\000l\000l\000\040\000W\000e\000i\000g\000h\000t\000s\000\040\000\050\0005\000\040\000w\000e\000i\000g\000h\000t\000s\000\040\000+\000\040\0002\000\040\000b\000i\000a\000s\000e\000s\000\051}{section.9.2}% 139
\BOOKMARK [2][-]{subsection.9.2.6}{\376\377\000M\000a\000s\000t\000\040\000C\000e\000l\000l\000\040\000W\000e\000i\000g\000h\000t\000s\000\040\000\050\0006\000\040\000p\000a\000r\000a\000m\000e\000t\000e\000r\000s\000\051}{section.9.2}% 140
\BOOKMARK [2][-]{subsection.9.2.7}{\376\377\000N\000K\000\040\000C\000e\000l\000l\000\040\000W\000e\000i\000g\000h\000t\000s\000\040\000\050\0003\000\040\000w\000e\000i\000g\000h\000t\000s\000\040\000+\000\040\0001\000\040\000b\000i\000a\000s\000\051}{section.9.2}% 141
\BOOKMARK [2][-]{subsection.9.2.8}{\376\377\000P\000l\000a\000s\000m\000a\000c\000y\000t\000o\000i\000d\000\040\000D\000C\000\040\000W\000e\000i\000g\000h\000t\000s\000\040\000\050\0006\000\040\000w\000e\000i\000g\000h\000t\000s\000\040\000+\000\040\0001\000\040\000b\000i\000a\000s\000\051}{section.9.2}% 142
\BOOKMARK [2][-]{subsection.9.2.9}{\376\377\000T\000r\000e\000g\000\040\000W\000e\000i\000g\000h\000t\000s\000\040\000\050\0005\000\040\000p\000a\000r\000a\000m\000e\000t\000e\000r\000s\000\051}{section.9.2}% 143
\BOOKMARK [2][-]{subsection.9.2.10}{\376\377\000G\000l\000o\000b\000a\000l\000\040\000W\000e\000i\000g\000h\000t\000s\000\040\000\050\0004\000+\000\040\000p\000a\000r\000a\000m\000e\000t\000e\000r\000s\000\051}{section.9.2}% 144
\BOOKMARK [1][-]{section.9.3}{\376\377\000G\000l\000u\000c\000o\000s\000e\000\040\000P\000a\000r\000a\000m\000e\000t\000e\000r\000s}{chapter.9}% 145
\BOOKMARK [2][-]{subsection.9.3.1}{\376\377\000P\000a\000r\000a\000m\000e\000t\000e\000r\000\040\000I\000n\000t\000e\000r\000a\000c\000t\000i\000o\000n\000s}{section.9.3}% 146
\BOOKMARK [1][-]{section.9.4}{\376\377\000B\000a\000y\000e\000s\000i\000a\000n\000\040\000O\000p\000t\000i\000m\000i\000z\000a\000t\000i\000o\000n}{chapter.9}% 147
\BOOKMARK [2][-]{subsection.9.4.1}{\376\377\000F\000r\000a\000m\000e\000w\000o\000r\000k}{section.9.4}% 148
\BOOKMARK [2][-]{subsection.9.4.2}{\376\377\000O\000b\000j\000e\000c\000t\000i\000v\000e\000\040\000F\000u\000n\000c\000t\000i\000o\000n}{section.9.4}% 149
\BOOKMARK [2][-]{subsection.9.4.3}{\376\377\000S\000e\000a\000r\000c\000h\000\040\000S\000p\000a\000c\000e}{section.9.4}% 150
\BOOKMARK [2][-]{subsection.9.4.4}{\376\377\000O\000p\000t\000i\000m\000i\000z\000a\000t\000i\000o\000n\000\040\000C\000o\000n\000f\000i\000g\000u\000r\000a\000t\000i\000o\000n}{section.9.4}% 151
\BOOKMARK [1][-]{section.9.5}{\376\377\000C\000l\000i\000n\000i\000c\000a\000l\000\040\000D\000a\000t\000a\000s\000e\000t}{chapter.9}% 152
\BOOKMARK [2][-]{subsection.9.5.1}{\376\377\000A\000R\000O\000N\000-\0001\000\040\000S\000t\000u\000d\000y}{section.9.5}% 153
\BOOKMARK [2][-]{subsection.9.5.2}{\376\377\000D\000a\000t\000a\000s\000e\000t\000\040\000S\000t\000r\000u\000c\000t\000u\000r\000e}{section.9.5}% 154
\BOOKMARK [1][-]{section.9.6}{\376\377\000P\000a\000r\000a\000m\000e\000t\000e\000r\000\040\000S\000e\000n\000s\000i\000t\000i\000v\000i\000t\000y\000\040\000A\000n\000a\000l\000y\000s\000i\000s}{chapter.9}% 155
\BOOKMARK [0][-]{chapter.10}{\376\377\000S\000i\000m\000u\000l\000a\000t\000i\000o\000n\000\040\000R\000e\000s\000u\000l\000t\000s}{}% 156
\BOOKMARK [1][-]{section.10.1}{\376\377\000B\000a\000s\000e\000l\000i\000n\000e\000\040\000S\000i\000m\000u\000l\000a\000t\000i\000o\000n}{chapter.10}% 157
\BOOKMARK [2][-]{subsection.10.1.1}{\376\377\000O\000b\000s\000e\000r\000v\000e\000d\000\040\000T\000u\000m\000o\000r\000\040\000D\000y\000n\000a\000m\000i\000c\000s\000\040\000-\000\040\000N\000o\000\040\000T\000r\000e\000a\000t\000m\000e\000n\000t}{section.10.1}% 158
\BOOKMARK [2][-]{subsection.10.1.2}{\376\377\000O\000b\000s\000e\000r\000v\000e\000d\000\040\000I\000m\000m\000u\000n\000e\000\040\000R\000e\000s\000p\000o\000n\000s\000e}{section.10.1}% 159
\BOOKMARK [2][-]{subsection.10.1.3}{\376\377\000G\000l\000u\000c\000o\000s\000e\000\040\000F\000i\000e\000l\000d\000\040\000B\000e\000h\000a\000v\000i\000o\000r}{section.10.1}% 160
\BOOKMARK [1][-]{section.10.2}{\376\377\000T\000r\000e\000a\000t\000m\000e\000n\000t\000\040\000S\000c\000e\000n\000a\000r\000i\000o\000s}{chapter.10}% 161
\BOOKMARK [2][-]{subsection.10.2.1}{\376\377\000I\000C\000I\000\040\000M\000o\000n\000o\000t\000h\000e\000r\000a\000p\000y\000\040\000R\000e\000s\000u\000l\000t\000s}{section.10.2}% 162
\BOOKMARK [2][-]{subsection.10.2.2}{\376\377\000I\000C\000I\000+\000T\000K\000I\000\040\000C\000o\000m\000b\000i\000n\000a\000t\000i\000o\000n\000\040\000T\000h\000e\000r\000a\000p\000y\000\040\000R\000e\000s\000u\000l\000t\000s}{section.10.2}% 163
\BOOKMARK [2][-]{subsection.10.2.3}{\376\377\000T\000K\000I\000\040\000M\000o\000n\000o\000t\000h\000e\000r\000a\000p\000y\000\040\000R\000e\000s\000u\000l\000t\000s}{section.10.2}% 164
\BOOKMARK [2][-]{subsection.10.2.4}{\376\377\000T\000r\000e\000a\000t\000m\000e\000n\000t\000\040\000C\000o\000m\000p\000a\000r\000i\000s\000o\000n}{section.10.2}% 165
\BOOKMARK [2][-]{subsection.10.2.5}{\376\377\000S\000i\000m\000u\000l\000a\000t\000i\000o\000n\000\040\000V\000i\000s\000u\000a\000l\000i\000z\000a\000t\000i\000o\000n\000s}{section.10.2}% 166
\BOOKMARK [1][-]{section.10.3}{\376\377\000S\000e\000x\000-\000S\000p\000e\000c\000i\000f\000i\000c\000\040\000A\000n\000a\000l\000y\000s\000i\000s}{chapter.10}% 167
\BOOKMARK [2][-]{subsection.10.3.1}{\376\377\000B\000a\000s\000e\000l\000i\000n\000e\000\040\000S\000e\000x\000\040\000D\000i\000f\000f\000e\000r\000e\000n\000c\000e\000s}{section.10.3}% 168
\BOOKMARK [2][-]{subsection.10.3.2}{\376\377\000T\000r\000e\000a\000t\000m\000e\000n\000t\000\040\000R\000e\000s\000p\000o\000n\000s\000e\000\040\000P\000a\000t\000t\000e\000r\000n\000s}{section.10.3}% 169
\BOOKMARK [1][-]{section.10.4}{\376\377\000G\000l\000u\000c\000o\000s\000e\000\040\000F\000i\000e\000l\000d\000\040\000D\000y\000n\000a\000m\000i\000c\000s}{chapter.10}% 170
\BOOKMARK [2][-]{subsection.10.4.1}{\376\377\000M\000e\000t\000a\000b\000o\000l\000i\000c\000-\000T\000u\000m\000o\000r\000\040\000B\000u\000r\000d\000e\000n\000\040\000C\000o\000r\000r\000e\000l\000a\000t\000i\000o\000n}{section.10.4}% 171
\BOOKMARK [2][-]{subsection.10.4.2}{\376\377\000S\000p\000a\000t\000i\000a\000l\000\040\000G\000l\000u\000c\000o\000s\000e\000\040\000D\000i\000s\000t\000r\000i\000b\000u\000t\000i\000o\000n}{section.10.4}% 172
\BOOKMARK [2][-]{subsection.10.4.3}{\376\377\000M\000e\000t\000a\000b\000o\000l\000i\000c\000\040\000I\000m\000p\000l\000i\000c\000a\000t\000i\000o\000n\000s}{section.10.4}% 173
\BOOKMARK [1][-]{section.10.5}{\376\377\000C\000l\000i\000n\000i\000c\000a\000l\000\040\000I\000m\000p\000l\000i\000c\000a\000t\000i\000o\000n\000s}{chapter.10}% 174
\BOOKMARK [2][-]{subsection.10.5.1}{\376\377\000S\000e\000x\000-\000S\000t\000r\000a\000t\000i\000f\000i\000e\000d\000\040\000T\000r\000e\000a\000t\000m\000e\000n\000t\000\040\000S\000e\000l\000e\000c\000t\000i\000o\000n}{section.10.5}% 175
\BOOKMARK [2][-]{subsection.10.5.2}{\376\377\000B\000i\000o\000m\000a\000r\000k\000e\000r\000\040\000D\000e\000v\000e\000l\000o\000p\000m\000e\000n\000t}{section.10.5}% 176
\BOOKMARK [2][-]{subsection.10.5.3}{\376\377\000T\000r\000e\000a\000t\000m\000e\000n\000t\000\040\000O\000p\000t\000i\000m\000i\000z\000a\000t\000i\000o\000n}{section.10.5}% 177
\BOOKMARK [1][-]{section.10.6}{\376\377\000P\000a\000r\000a\000m\000e\000t\000e\000r\000\040\000S\000e\000n\000s\000i\000t\000i\000v\000i\000t\000y\000\040\000A\000n\000a\000l\000y\000s\000i\000s}{chapter.10}% 178
\BOOKMARK [2][-]{subsection.10.6.1}{\376\377\000G\000l\000u\000c\000o\000s\000e\000\040\000C\000o\000n\000s\000u\000m\000p\000t\000i\000o\000n\000\040\000R\000a\000t\000e\000\040\000V\000a\000r\000i\000a\000t\000i\000o\000n}{section.10.6}% 179
\BOOKMARK [2][-]{subsection.10.6.2}{\376\377\000M\000e\000t\000a\000b\000o\000l\000i\000c\000\040\000T\000i\000p\000p\000i\000n\000g\000\040\000P\000o\000i\000n\000t}{section.10.6}% 180
\BOOKMARK [2][-]{subsection.10.6.3}{\376\377\000B\000i\000o\000l\000o\000g\000i\000c\000a\000l\000\040\000V\000a\000l\000i\000d\000a\000t\000i\000o\000n}{section.10.6}% 181
\BOOKMARK [1][-]{section.10.7}{\376\377\000R\000e\000p\000r\000o\000d\000u\000c\000i\000b\000i\000l\000i\000t\000y}{chapter.10}% 182
\BOOKMARK [2][-]{subsection.10.7.1}{\376\377\000S\000c\000e\000n\000a\000r\000i\000o\000\040\000C\000o\000n\000f\000i\000g\000u\000r\000a\000t\000i\000o\000n}{section.10.7}% 183
\BOOKMARK [2][-]{subsection.10.7.2}{\376\377\000S\000i\000m\000u\000l\000a\000t\000i\000o\000n\000\040\000P\000r\000o\000t\000o\000c\000o\000l}{section.10.7}% 184
\BOOKMARK [1][-]{section.10.8}{\376\377\000S\000t\000a\000t\000i\000s\000t\000i\000c\000a\000l\000\040\000V\000a\000l\000i\000d\000a\000t\000i\000o\000n\000:\000\040\000M\000u\000l\000t\000i\000-\000S\000e\000e\000d\000\040\000E\000m\000p\000i\000r\000i\000c\000a\000l\000\040\000S\000t\000u\000d\000y}{chapter.10}% 185
\BOOKMARK [2][-]{subsection.10.8.1}{\376\377\000E\000x\000p\000e\000r\000i\000m\000e\000n\000t\000a\000l\000\040\000D\000e\000s\000i\000g\000n}{section.10.8}% 186
\BOOKMARK [2][-]{subsection.10.8.2}{\376\377\000E\000m\000p\000i\000r\000i\000c\000a\000l\000\040\000R\000e\000s\000u\000l\000t\000s\000\040\000S\000u\000m\000m\000a\000r\000y}{section.10.8}% 187
\BOOKMARK [2][-]{subsection.10.8.3}{\376\377\000S\000t\000o\000c\000h\000a\000s\000t\000i\000c\000\040\000V\000a\000r\000i\000a\000n\000c\000e\000\040\000A\000n\000a\000l\000y\000s\000i\000s}{section.10.8}% 188
\BOOKMARK [2][-]{subsection.10.8.4}{\376\377\000T\000r\000e\000a\000t\000m\000e\000n\000t\000\040\000E\000f\000f\000e\000c\000t\000i\000v\000e\000n\000e\000s\000s\000\040\000A\000n\000a\000l\000y\000s\000i\000s}{section.10.8}% 189
\BOOKMARK [2][-]{subsection.10.8.5}{\376\377\000S\000e\000x\000-\000S\000p\000e\000c\000i\000f\000i\000c\000\040\000S\000t\000a\000t\000i\000s\000t\000i\000c\000a\000l\000\040\000A\000n\000a\000l\000y\000s\000i\000s}{section.10.8}% 190
\BOOKMARK [2][-]{subsection.10.8.6}{\376\377\000S\000i\000n\000g\000l\000e\000-\000S\000e\000e\000d\000\040\000v\000e\000r\000s\000u\000s\000\040\000M\000u\000l\000t\000i\000-\000S\000e\000e\000d\000\040\000I\000n\000s\000i\000g\000h\000t\000s}{section.10.8}% 191
\BOOKMARK [2][-]{subsection.10.8.7}{\376\377\000M\000e\000t\000a\000b\000o\000l\000i\000c\000\040\000C\000o\000r\000r\000e\000l\000a\000t\000i\000o\000n\000s}{section.10.8}% 192
\BOOKMARK [2][-]{subsection.10.8.8}{\376\377\000E\000m\000p\000i\000r\000i\000c\000a\000l\000\040\000S\000t\000u\000d\000y\000\040\000V\000i\000s\000u\000a\000l\000i\000z\000a\000t\000i\000o\000n\000s}{section.10.8}% 193
\BOOKMARK [2][-]{subsection.10.8.9}{\376\377\000A\000d\000d\000i\000t\000i\000o\000n\000a\000l\000\040\000Q\000u\000a\000n\000t\000i\000t\000a\000t\000i\000v\000e\000\040\000A\000n\000a\000l\000y\000s\000i\000s}{section.10.8}% 194
\BOOKMARK [2][-]{subsection.10.8.10}{\376\377\000C\000l\000i\000n\000i\000c\000a\000l\000\040\000a\000n\000d\000\040\000M\000e\000t\000h\000o\000d\000o\000l\000o\000g\000i\000c\000a\000l\000\040\000I\000m\000p\000l\000i\000c\000a\000t\000i\000o\000n\000s}{section.10.8}% 195
\BOOKMARK [0][-]{chapter.11}{\376\377\000C\000o\000n\000c\000l\000u\000s\000i\000o\000n}{}% 196
\BOOKMARK [1][-]{section.11.1}{\376\377\000S\000u\000m\000m\000a\000r\000y\000\040\000o\000f\000\040\000C\000o\000n\000t\000r\000i\000b\000u\000t\000i\000o\000n\000s}{chapter.11}% 197
\BOOKMARK [2][-]{subsection.11.1.1}{\376\377\000C\000h\000a\000p\000t\000e\000r\000-\000b\000y\000-\000C\000h\000a\000p\000t\000e\000r\000\040\000K\000e\000y\000\040\000C\000o\000n\000t\000r\000i\000b\000u\000t\000i\000o\000n\000s}{section.11.1}% 198
\BOOKMARK [2][-]{subsection.11.1.2}{\376\377\000N\000o\000v\000e\000l\000\040\000M\000e\000t\000h\000o\000d\000o\000l\000o\000g\000i\000c\000a\000l\000\040\000C\000o\000n\000t\000r\000i\000b\000u\000t\000i\000o\000n\000s}{section.11.1}% 199
\BOOKMARK [1][-]{section.11.2}{\376\377\000L\000e\000s\000s\000o\000n\000s\000\040\000L\000e\000a\000r\000n\000e\000d\000\040\000f\000r\000o\000m\000\040\000D\000e\000v\000e\000l\000o\000p\000m\000e\000n\000t}{chapter.11}% 200
\BOOKMARK [2][-]{subsection.11.2.1}{\376\377\000F\000r\000a\000m\000e\000w\000o\000r\000k\000\040\000M\000i\000g\000r\000a\000t\000i\000o\000n\000\040\000C\000h\000a\000l\000l\000e\000n\000g\000e\000s}{section.11.2}% 201
\BOOKMARK [2][-]{subsection.11.2.2}{\376\377\000B\000i\000o\000l\000o\000g\000i\000c\000a\000l\000\040\000M\000o\000d\000e\000l\000\040\000D\000e\000s\000i\000g\000n\000\040\000I\000n\000s\000i\000g\000h\000t\000s}{section.11.2}% 202
\BOOKMARK [2][-]{subsection.11.2.3}{\376\377\000S\000o\000f\000t\000w\000a\000r\000e\000\040\000E\000n\000g\000i\000n\000e\000e\000r\000i\000n\000g\000\040\000f\000o\000r\000\040\000S\000c\000i\000e\000n\000c\000e}{section.11.2}% 203
\BOOKMARK [2][-]{subsection.11.2.4}{\376\377\000C\000o\000m\000p\000u\000t\000a\000t\000i\000o\000n\000a\000l\000\040\000B\000i\000o\000l\000o\000g\000y\000\040\000R\000e\000s\000e\000a\000r\000c\000h\000\040\000P\000r\000o\000c\000e\000s\000s}{section.11.2}% 204
\BOOKMARK [1][-]{section.11.3}{\376\377\000M\000o\000d\000e\000l\000\040\000L\000i\000m\000i\000t\000a\000t\000i\000o\000n\000s}{chapter.11}% 205
\BOOKMARK [1][-]{section.11.4}{\376\377\000F\000u\000t\000u\000r\000e\000\040\000W\000o\000r\000k\000\040\000a\000n\000d\000\040\000C\000l\000i\000n\000i\000c\000a\000l\000\040\000T\000r\000a\000n\000s\000l\000a\000t\000i\000o\000n\000\040\000P\000a\000t\000h}{chapter.11}% 206
\BOOKMARK [2][-]{subsection.11.4.1}{\376\377\000N\000e\000a\000r\000-\000T\000e\000r\000m\000\040\000E\000x\000t\000e\000n\000s\000i\000o\000n\000s\000\040\000\050\0006\000-\0001\0002\000\040\000m\000o\000n\000t\000h\000s\000\051}{section.11.4}% 207
\BOOKMARK [2][-]{subsection.11.4.2}{\376\377\000M\000e\000d\000i\000u\000m\000-\000T\000e\000r\000m\000\040\000R\000e\000s\000e\000a\000r\000c\000h\000\040\000D\000i\000r\000e\000c\000t\000i\000o\000n\000s\000\040\000\050\0001\000-\0002\000\040\000y\000e\000a\000r\000s\000\051}{section.11.4}% 208
\BOOKMARK [2][-]{subsection.11.4.3}{\376\377\000L\000o\000n\000g\000-\000T\000e\000r\000m\000\040\000C\000l\000i\000n\000i\000c\000a\000l\000\040\000T\000r\000a\000n\000s\000l\000a\000t\000i\000o\000n\000\040\000\050\0002\000-\0005\000\040\000y\000e\000a\000r\000s\000\051}{section.11.4}% 209
\BOOKMARK [2][-]{subsection.11.4.4}{\376\377\000M\000e\000t\000h\000o\000d\000o\000l\000o\000g\000i\000c\000a\000l\000\040\000R\000e\000s\000e\000a\000r\000c\000h\000\040\000O\000p\000p\000o\000r\000t\000u\000n\000i\000t\000i\000e\000s}{section.11.4}% 210
\BOOKMARK [1][-]{section.11.5}{\376\377\000T\000o\000w\000a\000r\000d\000\040\000C\000o\000m\000p\000u\000t\000a\000t\000i\000o\000n\000a\000l\000\040\000P\000r\000e\000c\000i\000s\000i\000o\000n\000\040\000M\000e\000d\000i\000c\000i\000n\000e}{chapter.11}% 211
\BOOKMARK [0][-]{chapter*.60}{\376\377\000A\000c\000k\000n\000o\000w\000l\000e\000d\000g\000m\000e\000n\000t\000s}{}% 212
